0 info it worked if it ends with ok
1 verbose cli [ 'C:\\Program Files\\nodejs\\node.exe',
1 verbose cli   'C:\\Program Files\\nodejs\\node_modules\\npm\\bin\\npm-cli.js',
1 verbose cli   'install',
1 verbose cli   '-g',
1 verbose cli   'cordova' ]
2 info using npm@2.15.1
3 info using node@v4.4.3
4 verbose install initial load of C:\Users\fsor\AppData\Roaming\npm\package.json
5 verbose readDependencies loading dependencies from C:\Users\fsor\AppData\Roaming\npm\package.json
6 silly cache add args [ 'cordova', null ]
7 verbose cache add spec cordova
8 silly cache add parsed spec Result {
8 silly cache add   raw: 'cordova',
8 silly cache add   scope: null,
8 silly cache add   name: 'cordova',
8 silly cache add   rawSpec: '',
8 silly cache add   spec: 'latest',
8 silly cache add   type: 'tag' }
9 silly addNamed cordova@latest
10 verbose addNamed "latest" is being treated as a dist-tag for cordova
11 info addNameTag [ 'cordova', 'latest' ]
12 silly mapToRegistry name cordova
13 silly mapToRegistry using default registry
14 silly mapToRegistry registry https://registry.npmjs.org/
15 silly mapToRegistry data Result {
15 silly mapToRegistry   raw: 'cordova',
15 silly mapToRegistry   scope: null,
15 silly mapToRegistry   name: 'cordova',
15 silly mapToRegistry   rawSpec: '',
15 silly mapToRegistry   spec: 'latest',
15 silly mapToRegistry   type: 'tag' }
16 silly mapToRegistry uri https://registry.npmjs.org/cordova
17 verbose addNameTag registry:https://registry.npmjs.org/cordova not in flight; fetching
18 verbose request uri https://registry.npmjs.org/cordova
19 verbose request no auth needed
20 info attempt registry request try #1 at 10:23:25 AM
21 verbose request id 704507f574dfde5e
22 http request GET https://registry.npmjs.org/cordova
23 info retry will retry, error on last attempt: Error: tunneling socket could not be established, cause=connect ECONNREFUSED 172.18.2.29:80
24 info attempt registry request try #2 at 10:23:36 AM
25 http request GET https://registry.npmjs.org/cordova
26 info retry will retry, error on last attempt: Error: tunneling socket could not be established, cause=connect ECONNREFUSED 172.18.2.29:80
27 info attempt registry request try #3 at 10:24:37 AM
28 http request GET https://registry.npmjs.org/cordova
29 verbose stack Error: tunneling socket could not be established, cause=connect ECONNREFUSED 172.18.2.29:80
29 verbose stack     at ClientRequest.onError (C:\Program Files\nodejs\node_modules\npm\node_modules\request\node_modules\tunnel-agent\index.js:176:17)
29 verbose stack     at ClientRequest.g (events.js:260:16)
29 verbose stack     at emitOne (events.js:77:13)
29 verbose stack     at ClientRequest.emit (events.js:169:7)
29 verbose stack     at Socket.socketErrorListener (_http_client.js:256:9)
29 verbose stack     at emitOne (events.js:77:13)
29 verbose stack     at Socket.emit (events.js:169:7)
29 verbose stack     at emitErrorNT (net.js:1253:8)
29 verbose stack     at nextTickCallbackWith2Args (node.js:442:9)
29 verbose stack     at process._tickCallback (node.js:356:17)
30 verbose cwd C:\github\geomapApp-master\geomapApp-master\geoMap
31 error Windows_NT 6.1.7601
32 error argv "C:\\Program Files\\nodejs\\node.exe" "C:\\Program Files\\nodejs\\node_modules\\npm\\bin\\npm-cli.js" "install" "-g" "cordova"
33 error node v4.4.3
34 error npm  v2.15.1
35 error code ECONNRESET
36 error network tunneling socket could not be established, cause=connect ECONNREFUSED 172.18.2.29:80
36 error network This is most likely not a problem with npm itself
36 error network and is related to network connectivity.
36 error network In most cases you are behind a proxy or have bad network settings.
36 error network
36 error network If you are behind a proxy, please make sure that the
36 error network 'proxy' config is set properly.  See: 'npm help config'
37 verbose exit [ 1, true ]
